{"C:\\Work\\REACT\\AI-Home\\src\\App.tsx": {"path":"C:\\Work\\REACT\\AI-Home\\src\\App.tsx","all":false,"statementMap":{"0":{"start":{"line":1,"column":0},"end":{"line":1,"column":43}},"1":{"start":{"line":2,"column":0},"end":{"line":2,"column":40}},"2":{"start":{"line":3,"column":0},"end":{"line":3,"column":51}},"3":{"start":{"line":4,"column":0},"end":{"line":4,"column":50}},"4":{"start":{"line":5,"column":0},"end":{"line":5,"column":50}},"5":{"start":{"line":6,"column":0},"end":{"line":6,"column":37}},"6":{"start":{"line":7,"column":0},"end":{"line":7,"column":0}},"7":{"start":{"line":8,"column":0},"end":{"line":8,"column":16}},"8":{"start":{"line":9,"column":0},"end":{"line":9,"column":47}},"9":{"start":{"line":10,"column":0},"end":{"line":10,"column":68}},"10":{"start":{"line":11,"column":0},"end":{"line":11,"column":49}},"11":{"start":{"line":12,"column":0},"end":{"line":12,"column":56}},"12":{"start":{"line":13,"column":0},"end":{"line":13,"column":0}},"13":{"start":{"line":14,"column":0},"end":{"line":14,"column":18}},"14":{"start":{"line":15,"column":0},"end":{"line":15,"column":33}},"15":{"start":{"line":16,"column":0},"end":{"line":16,"column":8}},"16":{"start":{"line":17,"column":0},"end":{"line":17,"column":22}},"17":{"start":{"line":18,"column":0},"end":{"line":18,"column":18}},"18":{"start":{"line":19,"column":0},"end":{"line":19,"column":43}},"19":{"start":{"line":20,"column":0},"end":{"line":20,"column":26}},"20":{"start":{"line":21,"column":0},"end":{"line":21,"column":18}},"21":{"start":{"line":22,"column":0},"end":{"line":22,"column":81}},"22":{"start":{"line":23,"column":0},"end":{"line":23,"column":14}},"23":{"start":{"line":24,"column":0},"end":{"line":24,"column":23}},"24":{"start":{"line":25,"column":0},"end":{"line":25,"column":4}},"25":{"start":{"line":26,"column":0},"end":{"line":26,"column":3}},"26":{"start":{"line":27,"column":0},"end":{"line":27,"column":0}},"27":{"start":{"line":28,"column":0},"end":{"line":28,"column":13}},"28":{"start":{"line":29,"column":0},"end":{"line":29,"column":7}},"29":{"start":{"line":30,"column":0},"end":{"line":30,"column":0}},"30":{"start":{"line":31,"column":0},"end":{"line":31,"column":43}},"31":{"start":{"line":32,"column":0},"end":{"line":32,"column":23}},"32":{"start":{"line":33,"column":0},"end":{"line":33,"column":2}},"33":{"start":{"line":34,"column":0},"end":{"line":34,"column":0}},"34":{"start":{"line":35,"column":0},"end":{"line":35,"column":33}},"35":{"start":{"line":36,"column":0},"end":{"line":36,"column":23}},"36":{"start":{"line":37,"column":0},"end":{"line":37,"column":2}},"37":{"start":{"line":38,"column":0},"end":{"line":38,"column":0}},"38":{"start":{"line":39,"column":0},"end":{"line":39,"column":47}},"39":{"start":{"line":40,"column":0},"end":{"line":40,"column":69}},"40":{"start":{"line":41,"column":0},"end":{"line":41,"column":51}},"41":{"start":{"line":42,"column":0},"end":{"line":42,"column":24}},"42":{"start":{"line":43,"column":0},"end":{"line":43,"column":3}},"43":{"start":{"line":44,"column":0},"end":{"line":44,"column":2}},"44":{"start":{"line":45,"column":0},"end":{"line":45,"column":0}},"45":{"start":{"line":46,"column":0},"end":{"line":46,"column":9}},"46":{"start":{"line":47,"column":0},"end":{"line":47,"column":30}},"47":{"start":{"line":48,"column":0},"end":{"line":48,"column":37}},"48":{"start":{"line":49,"column":0},"end":{"line":49,"column":60}},"49":{"start":{"line":50,"column":0},"end":{"line":50,"column":71}},"50":{"start":{"line":51,"column":0},"end":{"line":51,"column":12}},"51":{"start":{"line":52,"column":0},"end":{"line":52,"column":0}},"52":{"start":{"line":53,"column":0},"end":{"line":53,"column":33}},"53":{"start":{"line":54,"column":0},"end":{"line":54,"column":19}},"54":{"start":{"line":55,"column":0},"end":{"line":55,"column":37}},"55":{"start":{"line":56,"column":0},"end":{"line":56,"column":44}},"56":{"start":{"line":57,"column":0},"end":{"line":57,"column":29}},"57":{"start":{"line":58,"column":0},"end":{"line":58,"column":11}},"58":{"start":{"line":59,"column":0},"end":{"line":59,"column":6}},"59":{"start":{"line":60,"column":0},"end":{"line":60,"column":0}},"60":{"start":{"line":61,"column":0},"end":{"line":61,"column":15}},"61":{"start":{"line":62,"column":0},"end":{"line":62,"column":35}},"62":{"start":{"line":63,"column":0},"end":{"line":63,"column":20}},"63":{"start":{"line":64,"column":0},"end":{"line":64,"column":20}},"64":{"start":{"line":65,"column":0},"end":{"line":65,"column":13}},"65":{"start":{"line":66,"column":0},"end":{"line":66,"column":47}},"66":{"start":{"line":67,"column":0},"end":{"line":67,"column":37}},"67":{"start":{"line":68,"column":0},"end":{"line":68,"column":7}},"68":{"start":{"line":69,"column":0},"end":{"line":69,"column":12}},"69":{"start":{"line":70,"column":0},"end":{"line":70,"column":15}},"70":{"start":{"line":71,"column":0},"end":{"line":71,"column":11}},"71":{"start":{"line":72,"column":0},"end":{"line":72,"column":6}},"72":{"start":{"line":73,"column":0},"end":{"line":73,"column":0}},"73":{"start":{"line":74,"column":0},"end":{"line":74,"column":50}},"74":{"start":{"line":75,"column":0},"end":{"line":75,"column":15}},"75":{"start":{"line":76,"column":0},"end":{"line":76,"column":19}},"76":{"start":{"line":77,"column":0},"end":{"line":77,"column":37}},"77":{"start":{"line":78,"column":0},"end":{"line":78,"column":37}},"78":{"start":{"line":79,"column":0},"end":{"line":79,"column":7}},"79":{"start":{"line":80,"column":0},"end":{"line":80,"column":6}},"80":{"start":{"line":81,"column":0},"end":{"line":81,"column":0}},"81":{"start":{"line":82,"column":0},"end":{"line":82,"column":52}},"82":{"start":{"line":83,"column":0},"end":{"line":83,"column":35}},"83":{"start":{"line":84,"column":0},"end":{"line":84,"column":29}},"84":{"start":{"line":85,"column":0},"end":{"line":85,"column":57}},"85":{"start":{"line":86,"column":0},"end":{"line":86,"column":11}},"86":{"start":{"line":87,"column":0},"end":{"line":87,"column":6}},"87":{"start":{"line":88,"column":0},"end":{"line":88,"column":10}},"88":{"start":{"line":89,"column":0},"end":{"line":89,"column":0}},"89":{"start":{"line":90,"column":0},"end":{"line":90,"column":21}},"90":{"start":{"line":91,"column":0},"end":{"line":91,"column":14}},"91":{"start":{"line":92,"column":0},"end":{"line":92,"column":24}},"92":{"start":{"line":93,"column":0},"end":{"line":93,"column":31}},"93":{"start":{"line":94,"column":0},"end":{"line":94,"column":6}},"94":{"start":{"line":95,"column":0},"end":{"line":95,"column":5}},"95":{"start":{"line":96,"column":0},"end":{"line":96,"column":8}},"96":{"start":{"line":97,"column":0},"end":{"line":97,"column":2}},"97":{"start":{"line":98,"column":0},"end":{"line":98,"column":1}},"98":{"start":{"line":99,"column":0},"end":{"line":99,"column":0}},"99":{"start":{"line":100,"column":0},"end":{"line":100,"column":18}}},"s":{"0":1,"1":1,"2":1,"3":1,"4":1,"5":1,"6":1,"7":32,"8":32,"9":32,"10":32,"11":32,"12":32,"13":32,"14":11,"15":11,"16":11,"17":11,"18":11,"19":9,"20":11,"21":2,"22":11,"23":11,"24":11,"25":11,"26":11,"27":11,"28":32,"29":32,"30":32,"31":3,"32":3,"33":32,"34":32,"35":1,"36":1,"37":32,"38":32,"39":2,"40":2,"41":1,"42":1,"43":2,"44":32,"45":32,"46":32,"47":32,"48":32,"49":32,"50":32,"51":32,"52":32,"53":32,"54":11,"55":11,"56":11,"57":11,"58":32,"59":32,"60":32,"61":3,"62":3,"63":3,"64":3,"65":3,"66":3,"67":3,"68":3,"69":3,"70":3,"71":32,"72":32,"73":32,"74":16,"75":16,"76":16,"77":16,"78":16,"79":32,"80":32,"81":32,"82":1,"83":1,"84":1,"85":1,"86":32,"87":32,"88":32,"89":32,"90":3,"91":3,"92":3,"93":3,"94":32,"95":32,"96":32,"97":32,"98":1,"99":1},"branchMap":{"0":{"type":"branch","line":8,"loc":{"start":{"line":8,"column":0},"end":{"line":98,"column":1}},"locations":[{"start":{"line":8,"column":0},"end":{"line":98,"column":1}}]},"1":{"type":"branch","line":54,"loc":{"start":{"line":54,"column":5},"end":{"line":58,"column":11}},"locations":[{"start":{"line":54,"column":5},"end":{"line":58,"column":11}}]},"2":{"type":"branch","line":61,"loc":{"start":{"line":61,"column":5},"end":{"line":71,"column":11}},"locations":[{"start":{"line":61,"column":5},"end":{"line":71,"column":11}}]},"3":{"type":"branch","line":74,"loc":{"start":{"line":74,"column":6},"end":{"line":74,"column":29}},"locations":[{"start":{"line":74,"column":6},"end":{"line":74,"column":29}}]},"4":{"type":"branch","line":74,"loc":{"start":{"line":74,"column":20},"end":{"line":74,"column":50}},"locations":[{"start":{"line":74,"column":20},"end":{"line":74,"column":50}}]},"5":{"type":"branch","line":74,"loc":{"start":{"line":74,"column":44},"end":{"line":79,"column":7}},"locations":[{"start":{"line":74,"column":44},"end":{"line":79,"column":7}}]},"6":{"type":"branch","line":82,"loc":{"start":{"line":82,"column":6},"end":{"line":82,"column":29}},"locations":[{"start":{"line":82,"column":6},"end":{"line":82,"column":29}}]},"7":{"type":"branch","line":82,"loc":{"start":{"line":82,"column":20},"end":{"line":82,"column":52}},"locations":[{"start":{"line":82,"column":20},"end":{"line":82,"column":52}}]},"8":{"type":"branch","line":82,"loc":{"start":{"line":82,"column":46},"end":{"line":86,"column":11}},"locations":[{"start":{"line":82,"column":46},"end":{"line":86,"column":11}}]},"9":{"type":"branch","line":90,"loc":{"start":{"line":90,"column":4},"end":{"line":94,"column":6}},"locations":[{"start":{"line":90,"column":4},"end":{"line":94,"column":6}}]},"10":{"type":"branch","line":14,"loc":{"start":{"line":14,"column":11},"end":{"line":29,"column":4}},"locations":[{"start":{"line":14,"column":11},"end":{"line":29,"column":4}}]},"11":{"type":"branch","line":15,"loc":{"start":{"line":15,"column":20},"end":{"line":26,"column":3}},"locations":[{"start":{"line":15,"column":20},"end":{"line":26,"column":3}}]},"12":{"type":"branch","line":19,"loc":{"start":{"line":19,"column":42},"end":{"line":21,"column":12}},"locations":[{"start":{"line":19,"column":42},"end":{"line":21,"column":12}}]},"13":{"type":"branch","line":21,"loc":{"start":{"line":21,"column":3},"end":{"line":23,"column":5}},"locations":[{"start":{"line":21,"column":3},"end":{"line":23,"column":5}}]},"14":{"type":"branch","line":22,"loc":{"start":{"line":22,"column":40},"end":{"line":22,"column":80}},"locations":[{"start":{"line":22,"column":40},"end":{"line":22,"column":80}}]},"15":{"type":"branch","line":31,"loc":{"start":{"line":31,"column":26},"end":{"line":33,"column":2}},"locations":[{"start":{"line":31,"column":26},"end":{"line":33,"column":2}}]},"16":{"type":"branch","line":35,"loc":{"start":{"line":35,"column":26},"end":{"line":37,"column":2}},"locations":[{"start":{"line":35,"column":26},"end":{"line":37,"column":2}}]},"17":{"type":"branch","line":39,"loc":{"start":{"line":39,"column":26},"end":{"line":44,"column":2}},"locations":[{"start":{"line":39,"column":26},"end":{"line":44,"column":2}}]},"18":{"type":"branch","line":41,"loc":{"start":{"line":41,"column":6},"end":{"line":41,"column":50}},"locations":[{"start":{"line":41,"column":6},"end":{"line":41,"column":50}}]},"19":{"type":"branch","line":41,"loc":{"start":{"line":41,"column":50},"end":{"line":43,"column":3}},"locations":[{"start":{"line":41,"column":50},"end":{"line":43,"column":3}}]},"20":{"type":"branch","line":40,"loc":{"start":{"line":40,"column":11},"end":{"line":40,"column":68}},"locations":[{"start":{"line":40,"column":11},"end":{"line":40,"column":68}}]},"21":{"type":"branch","line":40,"loc":{"start":{"line":40,"column":41},"end":{"line":40,"column":67}},"locations":[{"start":{"line":40,"column":41},"end":{"line":40,"column":67}}]},"22":{"type":"branch","line":66,"loc":{"start":{"line":66,"column":16},"end":{"line":66,"column":47}},"locations":[{"start":{"line":66,"column":16},"end":{"line":66,"column":47}}]}},"b":{"0":[32],"1":[11],"2":[3],"3":[20],"4":[17],"5":[16],"6":[20],"7":[17],"8":[1],"9":[3],"10":[11],"11":[11],"12":[9],"13":[2],"14":[0],"15":[3],"16":[1],"17":[2],"18":[1],"19":[1],"20":[2],"21":[4],"22":[1]},"fnMap":{"0":{"name":"App","decl":{"start":{"line":8,"column":0},"end":{"line":98,"column":1}},"loc":{"start":{"line":8,"column":0},"end":{"line":98,"column":1}},"line":8},"1":{"name":"loadUsers","decl":{"start":{"line":15,"column":20},"end":{"line":26,"column":3}},"loc":{"start":{"line":15,"column":20},"end":{"line":26,"column":3}},"line":15},"2":{"name":"handleUserSelect","decl":{"start":{"line":31,"column":26},"end":{"line":33,"column":2}},"loc":{"start":{"line":31,"column":26},"end":{"line":33,"column":2}},"line":31},"3":{"name":"handleCloseModal","decl":{"start":{"line":35,"column":26},"end":{"line":37,"column":2}},"loc":{"start":{"line":35,"column":26},"end":{"line":37,"column":2}},"line":35},"4":{"name":"handleDeleteUser","decl":{"start":{"line":39,"column":26},"end":{"line":44,"column":2}},"loc":{"start":{"line":39,"column":26},"end":{"line":44,"column":2}},"line":39},"5":{"name":"onClick","decl":{"start":{"line":66,"column":16},"end":{"line":66,"column":47}},"loc":{"start":{"line":66,"column":16},"end":{"line":66,"column":47}},"line":66}},"f":{"0":32,"1":11,"2":3,"3":1,"4":2,"5":1}}
,"C:\\Work\\REACT\\AI-Home\\src\\main.tsx": {"path":"C:\\Work\\REACT\\AI-Home\\src\\main.tsx","all":true,"statementMap":{"0":{"start":{"line":1,"column":0},"end":{"line":1,"column":25}},"1":{"start":{"line":2,"column":0},"end":{"line":2,"column":39}},"2":{"start":{"line":3,"column":0},"end":{"line":3,"column":27}},"3":{"start":{"line":4,"column":0},"end":{"line":4,"column":20}},"4":{"start":{"line":5,"column":0},"end":{"line":5,"column":0}},"5":{"start":{"line":6,"column":0},"end":{"line":6,"column":61}},"6":{"start":{"line":7,"column":0},"end":{"line":7,"column":19}},"7":{"start":{"line":8,"column":0},"end":{"line":8,"column":9}},"8":{"start":{"line":9,"column":0},"end":{"line":9,"column":21}},"9":{"start":{"line":10,"column":0},"end":{"line":10,"column":1}}},"s":{"0":0,"1":0,"2":0,"3":0,"4":0,"5":0,"6":0,"7":0,"8":0,"9":0},"branchMap":{"0":{"type":"branch","line":1,"loc":{"start":{"line":1,"column":240},"end":{"line":10,"column":1}},"locations":[{"start":{"line":1,"column":240},"end":{"line":10,"column":1}}]}},"b":{"0":[0]},"fnMap":{"0":{"name":"(empty-report)","decl":{"start":{"line":1,"column":240},"end":{"line":10,"column":1}},"loc":{"start":{"line":1,"column":240},"end":{"line":10,"column":1}},"line":1}},"f":{"0":0}}
,"C:\\Work\\REACT\\AI-Home\\src\\components\\UserModal.tsx": {"path":"C:\\Work\\REACT\\AI-Home\\src\\components\\UserModal.tsx","all":false,"statementMap":{"0":{"start":{"line":1,"column":0},"end":{"line":1,"column":33}},"1":{"start":{"line":2,"column":0},"end":{"line":2,"column":41}},"2":{"start":{"line":3,"column":0},"end":{"line":3,"column":43}},"3":{"start":{"line":4,"column":0},"end":{"line":4,"column":0}},"4":{"start":{"line":5,"column":0},"end":{"line":5,"column":26}},"5":{"start":{"line":6,"column":0},"end":{"line":6,"column":11}},"6":{"start":{"line":7,"column":0},"end":{"line":7,"column":20}},"7":{"start":{"line":8,"column":0},"end":{"line":8,"column":1}},"8":{"start":{"line":9,"column":0},"end":{"line":9,"column":0}},"9":{"start":{"line":10,"column":0},"end":{"line":10,"column":62}},"10":{"start":{"line":11,"column":0},"end":{"line":11,"column":18}},"11":{"start":{"line":12,"column":0},"end":{"line":12,"column":46}},"12":{"start":{"line":13,"column":0},"end":{"line":13,"column":28}},"13":{"start":{"line":14,"column":0},"end":{"line":14,"column":13}},"14":{"start":{"line":15,"column":0},"end":{"line":15,"column":4}},"15":{"start":{"line":16,"column":0},"end":{"line":16,"column":3}},"16":{"start":{"line":17,"column":0},"end":{"line":17,"column":0}},"17":{"start":{"line":18,"column":0},"end":{"line":18,"column":49}},"18":{"start":{"line":19,"column":0},"end":{"line":19,"column":41}},"19":{"start":{"line":20,"column":0},"end":{"line":20,"column":51}},"20":{"start":{"line":21,"column":0},"end":{"line":21,"column":13}},"21":{"start":{"line":22,"column":0},"end":{"line":22,"column":4}},"22":{"start":{"line":23,"column":0},"end":{"line":23,"column":3}},"23":{"start":{"line":24,"column":0},"end":{"line":24,"column":0}},"24":{"start":{"line":25,"column":0},"end":{"line":25,"column":52}},"25":{"start":{"line":26,"column":0},"end":{"line":26,"column":56}},"26":{"start":{"line":27,"column":0},"end":{"line":27,"column":41}},"27":{"start":{"line":28,"column":0},"end":{"line":28,"column":0}},"28":{"start":{"line":29,"column":0},"end":{"line":29,"column":16}},"29":{"start":{"line":30,"column":0},"end":{"line":30,"column":56}},"30":{"start":{"line":31,"column":0},"end":{"line":31,"column":60}},"31":{"start":{"line":32,"column":0},"end":{"line":32,"column":41}},"32":{"start":{"line":33,"column":0},"end":{"line":33,"column":3}},"33":{"start":{"line":34,"column":0},"end":{"line":34,"column":14}},"34":{"start":{"line":35,"column":0},"end":{"line":35,"column":0}},"35":{"start":{"line":36,"column":0},"end":{"line":36,"column":50}},"36":{"start":{"line":37,"column":0},"end":{"line":37,"column":54}},"37":{"start":{"line":38,"column":0},"end":{"line":38,"column":2}},"38":{"start":{"line":39,"column":0},"end":{"line":39,"column":0}},"39":{"start":{"line":40,"column":0},"end":{"line":40,"column":45}},"40":{"start":{"line":41,"column":0},"end":{"line":41,"column":68}},"41":{"start":{"line":42,"column":0},"end":{"line":42,"column":2}},"42":{"start":{"line":43,"column":0},"end":{"line":43,"column":0}},"43":{"start":{"line":44,"column":0},"end":{"line":44,"column":9}},"44":{"start":{"line":45,"column":0},"end":{"line":45,"column":96}},"45":{"start":{"line":46,"column":0},"end":{"line":46,"column":33}},"46":{"start":{"line":47,"column":0},"end":{"line":47,"column":35}},"47":{"start":{"line":48,"column":0},"end":{"line":48,"column":68}},"48":{"start":{"line":49,"column":0},"end":{"line":49,"column":12}},"49":{"start":{"line":50,"column":0},"end":{"line":50,"column":23}},"50":{"start":{"line":51,"column":0},"end":{"line":51,"column":36}},"51":{"start":{"line":52,"column":0},"end":{"line":52,"column":30}},"52":{"start":{"line":53,"column":0},"end":{"line":53,"column":19}},"53":{"start":{"line":54,"column":0},"end":{"line":54,"column":6}},"54":{"start":{"line":55,"column":0},"end":{"line":55,"column":104}},"55":{"start":{"line":56,"column":0},"end":{"line":56,"column":50}},"56":{"start":{"line":57,"column":0},"end":{"line":57,"column":50}},"57":{"start":{"line":58,"column":0},"end":{"line":58,"column":12}},"58":{"start":{"line":59,"column":0},"end":{"line":59,"column":14}},"59":{"start":{"line":60,"column":0},"end":{"line":60,"column":10}},"60":{"start":{"line":61,"column":0},"end":{"line":61,"column":0}},"61":{"start":{"line":62,"column":0},"end":{"line":62,"column":36}},"62":{"start":{"line":63,"column":0},"end":{"line":63,"column":37}},"63":{"start":{"line":64,"column":0},"end":{"line":64,"column":67}},"64":{"start":{"line":65,"column":0},"end":{"line":65,"column":39}},"65":{"start":{"line":66,"column":0},"end":{"line":66,"column":40}},"66":{"start":{"line":67,"column":0},"end":{"line":67,"column":51}},"67":{"start":{"line":68,"column":0},"end":{"line":68,"column":57}},"68":{"start":{"line":69,"column":0},"end":{"line":69,"column":13}},"69":{"start":{"line":70,"column":0},"end":{"line":70,"column":40}},"70":{"start":{"line":71,"column":0},"end":{"line":71,"column":55}},"71":{"start":{"line":72,"column":0},"end":{"line":72,"column":61}},"72":{"start":{"line":73,"column":0},"end":{"line":73,"column":13}},"73":{"start":{"line":74,"column":0},"end":{"line":74,"column":40}},"74":{"start":{"line":75,"column":0},"end":{"line":75,"column":52}},"75":{"start":{"line":76,"column":0},"end":{"line":76,"column":65}},"76":{"start":{"line":77,"column":0},"end":{"line":77,"column":21}},"77":{"start":{"line":78,"column":0},"end":{"line":78,"column":12}},"78":{"start":{"line":79,"column":0},"end":{"line":79,"column":13}},"79":{"start":{"line":80,"column":0},"end":{"line":80,"column":40}},"80":{"start":{"line":81,"column":0},"end":{"line":81,"column":52}},"81":{"start":{"line":82,"column":0},"end":{"line":82,"column":62}},"82":{"start":{"line":83,"column":0},"end":{"line":83,"column":21}},"83":{"start":{"line":84,"column":0},"end":{"line":84,"column":12}},"84":{"start":{"line":85,"column":0},"end":{"line":85,"column":13}},"85":{"start":{"line":86,"column":0},"end":{"line":86,"column":40}},"86":{"start":{"line":87,"column":0},"end":{"line":87,"column":54}},"87":{"start":{"line":88,"column":0},"end":{"line":88,"column":11}},"88":{"start":{"line":89,"column":0},"end":{"line":89,"column":43}},"89":{"start":{"line":90,"column":0},"end":{"line":90,"column":24}},"90":{"start":{"line":91,"column":0},"end":{"line":91,"column":34}},"91":{"start":{"line":92,"column":0},"end":{"line":92,"column":32}},"92":{"start":{"line":93,"column":0},"end":{"line":93,"column":9}},"93":{"start":{"line":94,"column":0},"end":{"line":94,"column":23}},"94":{"start":{"line":95,"column":0},"end":{"line":95,"column":12}},"95":{"start":{"line":96,"column":0},"end":{"line":96,"column":13}},"96":{"start":{"line":97,"column":0},"end":{"line":97,"column":12}},"97":{"start":{"line":98,"column":0},"end":{"line":98,"column":11}},"98":{"start":{"line":99,"column":0},"end":{"line":99,"column":0}},"99":{"start":{"line":100,"column":0},"end":{"line":100,"column":37}},"100":{"start":{"line":101,"column":0},"end":{"line":101,"column":54}},"101":{"start":{"line":102,"column":0},"end":{"line":102,"column":47}},"102":{"start":{"line":103,"column":0},"end":{"line":103,"column":43}},"103":{"start":{"line":104,"column":0},"end":{"line":104,"column":58}},"104":{"start":{"line":105,"column":0},"end":{"line":105,"column":58}},"105":{"start":{"line":106,"column":0},"end":{"line":106,"column":13}},"106":{"start":{"line":107,"column":0},"end":{"line":107,"column":9}},"107":{"start":{"line":108,"column":0},"end":{"line":108,"column":68}},"108":{"start":{"line":109,"column":0},"end":{"line":109,"column":23}},"109":{"start":{"line":110,"column":0},"end":{"line":110,"column":33}},"110":{"start":{"line":111,"column":0},"end":{"line":111,"column":34}},"111":{"start":{"line":112,"column":0},"end":{"line":112,"column":27}},"112":{"start":{"line":113,"column":0},"end":{"line":113,"column":8}},"113":{"start":{"line":114,"column":0},"end":{"line":114,"column":106}},"114":{"start":{"line":115,"column":0},"end":{"line":115,"column":73}},"115":{"start":{"line":116,"column":0},"end":{"line":116,"column":48}},"116":{"start":{"line":117,"column":0},"end":{"line":117,"column":14}},"117":{"start":{"line":118,"column":0},"end":{"line":118,"column":19}},"118":{"start":{"line":119,"column":0},"end":{"line":119,"column":11}},"119":{"start":{"line":120,"column":0},"end":{"line":120,"column":12}},"120":{"start":{"line":121,"column":0},"end":{"line":121,"column":11}},"121":{"start":{"line":122,"column":0},"end":{"line":122,"column":0}},"122":{"start":{"line":123,"column":0},"end":{"line":123,"column":37}},"123":{"start":{"line":124,"column":0},"end":{"line":124,"column":54}},"124":{"start":{"line":125,"column":0},"end":{"line":125,"column":42}},"125":{"start":{"line":126,"column":0},"end":{"line":126,"column":40}},"126":{"start":{"line":127,"column":0},"end":{"line":127,"column":51}},"127":{"start":{"line":128,"column":0},"end":{"line":128,"column":65}},"128":{"start":{"line":129,"column":0},"end":{"line":129,"column":13}},"129":{"start":{"line":130,"column":0},"end":{"line":130,"column":40}},"130":{"start":{"line":131,"column":0},"end":{"line":131,"column":58}},"131":{"start":{"line":132,"column":0},"end":{"line":132,"column":72}},"132":{"start":{"line":133,"column":0},"end":{"line":133,"column":13}},"133":{"start":{"line":134,"column":0},"end":{"line":134,"column":40}},"134":{"start":{"line":135,"column":0},"end":{"line":135,"column":55}},"135":{"start":{"line":136,"column":0},"end":{"line":136,"column":63}},"136":{"start":{"line":137,"column":0},"end":{"line":137,"column":13}},"137":{"start":{"line":138,"column":0},"end":{"line":138,"column":12}},"138":{"start":{"line":139,"column":0},"end":{"line":139,"column":11}},"139":{"start":{"line":140,"column":0},"end":{"line":140,"column":10}},"140":{"start":{"line":141,"column":0},"end":{"line":141,"column":9}},"141":{"start":{"line":142,"column":0},"end":{"line":142,"column":8}},"142":{"start":{"line":143,"column":0},"end":{"line":143,"column":2}},"143":{"start":{"line":144,"column":0},"end":{"line":144,"column":1}}},"s":{"0":1,"1":1,"2":1,"3":1,"4":1,"5":1,"6":1,"7":1,"8":1,"9":1,"10":15,"11":15,"12":1,"13":1,"14":1,"15":1,"16":15,"17":15,"18":2,"19":2,"20":0,"21":0,"22":2,"23":15,"24":15,"25":15,"26":15,"27":15,"28":15,"29":15,"30":15,"31":15,"32":15,"33":15,"34":15,"35":15,"36":15,"37":15,"38":15,"39":15,"40":15,"41":15,"42":15,"43":15,"44":15,"45":15,"46":15,"47":15,"48":15,"49":15,"50":15,"51":15,"52":15,"53":15,"54":15,"55":15,"56":15,"57":15,"58":15,"59":15,"60":15,"61":15,"62":15,"63":15,"64":15,"65":15,"66":15,"67":15,"68":15,"69":15,"70":15,"71":15,"72":15,"73":15,"74":15,"75":15,"76":15,"77":15,"78":15,"79":15,"80":15,"81":15,"82":15,"83":15,"84":15,"85":15,"86":15,"87":15,"88":15,"89":15,"90":15,"91":15,"92":15,"93":15,"94":15,"95":15,"96":15,"97":15,"98":15,"99":15,"100":15,"101":15,"102":15,"103":15,"104":15,"105":15,"106":15,"107":15,"108":15,"109":15,"110":15,"111":15,"112":15,"113":15,"114":15,"115":15,"116":15,"117":15,"118":15,"119":15,"120":15,"121":15,"122":15,"123":15,"124":15,"125":15,"126":15,"127":15,"128":15,"129":15,"130":15,"131":15,"132":15,"133":15,"134":15,"135":15,"136":15,"137":15,"138":15,"139":15,"140":15,"141":15,"142":15,"143":15},"branchMap":{"0":{"type":"branch","line":10,"loc":{"start":{"line":10,"column":7},"end":{"line":144,"column":1}},"locations":[{"start":{"line":10,"column":7},"end":{"line":144,"column":1}}]},"1":{"type":"branch","line":11,"loc":{"start":{"line":11,"column":11},"end":{"line":34,"column":4}},"locations":[{"start":{"line":11,"column":11},"end":{"line":34,"column":4}}]},"2":{"type":"branch","line":12,"loc":{"start":{"line":12,"column":23},"end":{"line":16,"column":3}},"locations":[{"start":{"line":12,"column":23},"end":{"line":16,"column":3}}]},"3":{"type":"branch","line":18,"loc":{"start":{"line":18,"column":29},"end":{"line":23,"column":3}},"locations":[{"start":{"line":18,"column":29},"end":{"line":23,"column":3}}]},"4":{"type":"branch","line":20,"loc":{"start":{"line":20,"column":50},"end":{"line":22,"column":4}},"locations":[{"start":{"line":20,"column":50},"end":{"line":22,"column":4}}]},"5":{"type":"branch","line":29,"loc":{"start":{"line":29,"column":9},"end":{"line":33,"column":3}},"locations":[{"start":{"line":29,"column":9},"end":{"line":33,"column":3}}]},"6":{"type":"branch","line":36,"loc":{"start":{"line":36,"column":19},"end":{"line":38,"column":2}},"locations":[{"start":{"line":36,"column":19},"end":{"line":38,"column":2}}]},"7":{"type":"branch","line":40,"loc":{"start":{"line":40,"column":23},"end":{"line":42,"column":2}},"locations":[{"start":{"line":40,"column":23},"end":{"line":42,"column":2}}]},"8":{"type":"branch","line":41,"loc":{"start":{"line":41,"column":34},"end":{"line":41,"column":48}},"locations":[{"start":{"line":41,"column":34},"end":{"line":41,"column":48}}]},"9":{"type":"branch","line":41,"loc":{"start":{"line":41,"column":38},"end":{"line":41,"column":68}},"locations":[{"start":{"line":41,"column":38},"end":{"line":41,"column":68}}]}},"b":{"0":[15],"1":[15],"2":[1],"3":[2],"4":[0],"5":[15],"6":[15],"7":[15],"8":[1],"9":[14]},"fnMap":{"0":{"name":"UserModal","decl":{"start":{"line":10,"column":7},"end":{"line":144,"column":1}},"loc":{"start":{"line":10,"column":7},"end":{"line":144,"column":1}},"line":10},"1":{"name":"handleEscape","decl":{"start":{"line":12,"column":23},"end":{"line":16,"column":3}},"loc":{"start":{"line":12,"column":23},"end":{"line":16,"column":3}},"line":12},"2":{"name":"handleClickOutside","decl":{"start":{"line":18,"column":29},"end":{"line":23,"column":3}},"loc":{"start":{"line":18,"column":29},"end":{"line":23,"column":3}},"line":18},"3":{"name":"getMapUrl","decl":{"start":{"line":36,"column":19},"end":{"line":38,"column":2}},"loc":{"start":{"line":36,"column":19},"end":{"line":38,"column":2}},"line":36},"4":{"name":"formatWebsite","decl":{"start":{"line":40,"column":23},"end":{"line":42,"column":2}},"loc":{"start":{"line":40,"column":23},"end":{"line":42,"column":2}},"line":40}},"f":{"0":15,"1":1,"2":2,"3":15,"4":15}}
,"C:\\Work\\REACT\\AI-Home\\src\\components\\UserRow.tsx": {"path":"C:\\Work\\REACT\\AI-Home\\src\\components\\UserRow.tsx","all":false,"statementMap":{"0":{"start":{"line":1,"column":0},"end":{"line":1,"column":25}},"1":{"start":{"line":2,"column":0},"end":{"line":2,"column":41}},"2":{"start":{"line":3,"column":0},"end":{"line":3,"column":41}},"3":{"start":{"line":4,"column":0},"end":{"line":4,"column":0}},"4":{"start":{"line":5,"column":0},"end":{"line":5,"column":24}},"5":{"start":{"line":6,"column":0},"end":{"line":6,"column":11}},"6":{"start":{"line":7,"column":0},"end":{"line":7,"column":35}},"7":{"start":{"line":8,"column":0},"end":{"line":8,"column":39}},"8":{"start":{"line":9,"column":0},"end":{"line":9,"column":1}},"9":{"start":{"line":10,"column":0},"end":{"line":10,"column":0}},"10":{"start":{"line":11,"column":0},"end":{"line":11,"column":77}},"11":{"start":{"line":12,"column":0},"end":{"line":12,"column":31}},"12":{"start":{"line":13,"column":0},"end":{"line":13,"column":20}},"13":{"start":{"line":14,"column":0},"end":{"line":14,"column":2}},"14":{"start":{"line":15,"column":0},"end":{"line":15,"column":0}},"15":{"start":{"line":16,"column":0},"end":{"line":16,"column":53}},"16":{"start":{"line":17,"column":0},"end":{"line":17,"column":21}},"17":{"start":{"line":18,"column":0},"end":{"line":18,"column":72}},"18":{"start":{"line":19,"column":0},"end":{"line":19,"column":24}},"19":{"start":{"line":20,"column":0},"end":{"line":20,"column":3}},"20":{"start":{"line":21,"column":0},"end":{"line":21,"column":2}},"21":{"start":{"line":22,"column":0},"end":{"line":22,"column":0}},"22":{"start":{"line":23,"column":0},"end":{"line":23,"column":52}},"23":{"start":{"line":24,"column":0},"end":{"line":24,"column":43}},"24":{"start":{"line":25,"column":0},"end":{"line":25,"column":21}},"25":{"start":{"line":26,"column":0},"end":{"line":26,"column":19}},"26":{"start":{"line":27,"column":0},"end":{"line":27,"column":3}},"27":{"start":{"line":28,"column":0},"end":{"line":28,"column":2}},"28":{"start":{"line":29,"column":0},"end":{"line":29,"column":0}},"29":{"start":{"line":30,"column":0},"end":{"line":30,"column":54}},"30":{"start":{"line":31,"column":0},"end":{"line":31,"column":45}},"31":{"start":{"line":32,"column":0},"end":{"line":32,"column":2}},"32":{"start":{"line":33,"column":0},"end":{"line":33,"column":0}},"33":{"start":{"line":34,"column":0},"end":{"line":34,"column":45}},"34":{"start":{"line":35,"column":0},"end":{"line":35,"column":68}},"35":{"start":{"line":36,"column":0},"end":{"line":36,"column":2}},"36":{"start":{"line":37,"column":0},"end":{"line":37,"column":0}},"37":{"start":{"line":38,"column":0},"end":{"line":38,"column":9}},"38":{"start":{"line":39,"column":0},"end":{"line":39,"column":6}},"39":{"start":{"line":40,"column":0},"end":{"line":40,"column":25}},"40":{"start":{"line":41,"column":0},"end":{"line":41,"column":27}},"41":{"start":{"line":42,"column":0},"end":{"line":42,"column":28}},"42":{"start":{"line":43,"column":0},"end":{"line":43,"column":15}},"43":{"start":{"line":44,"column":0},"end":{"line":44,"column":16}},"44":{"start":{"line":45,"column":0},"end":{"line":45,"column":47}},"45":{"start":{"line":46,"column":0},"end":{"line":46,"column":3}},"46":{"start":{"line":47,"column":0},"end":{"line":47,"column":35}},"47":{"start":{"line":48,"column":0},"end":{"line":48,"column":42}},"48":{"start":{"line":49,"column":0},"end":{"line":49,"column":51}},"49":{"start":{"line":50,"column":0},"end":{"line":50,"column":53}},"50":{"start":{"line":51,"column":0},"end":{"line":51,"column":10}},"51":{"start":{"line":52,"column":0},"end":{"line":52,"column":8}},"52":{"start":{"line":53,"column":0},"end":{"line":53,"column":3}},"53":{"start":{"line":54,"column":0},"end":{"line":54,"column":31}},"54":{"start":{"line":55,"column":0},"end":{"line":55,"column":36}},"55":{"start":{"line":56,"column":0},"end":{"line":56,"column":34}},"56":{"start":{"line":57,"column":0},"end":{"line":57,"column":10}},"57":{"start":{"line":58,"column":0},"end":{"line":58,"column":8}},"58":{"start":{"line":59,"column":0},"end":{"line":59,"column":3}},"59":{"start":{"line":60,"column":0},"end":{"line":60,"column":31}},"60":{"start":{"line":61,"column":0},"end":{"line":61,"column":7}},"61":{"start":{"line":62,"column":0},"end":{"line":62,"column":32}},"62":{"start":{"line":63,"column":0},"end":{"line":63,"column":33}},"63":{"start":{"line":64,"column":0},"end":{"line":64,"column":41}},"64":{"start":{"line":65,"column":0},"end":{"line":65,"column":5}},"65":{"start":{"line":66,"column":0},"end":{"line":66,"column":17}},"66":{"start":{"line":67,"column":0},"end":{"line":67,"column":8}},"67":{"start":{"line":68,"column":0},"end":{"line":68,"column":8}},"68":{"start":{"line":69,"column":0},"end":{"line":69,"column":3}},"69":{"start":{"line":70,"column":0},"end":{"line":70,"column":31}},"70":{"start":{"line":71,"column":0},"end":{"line":71,"column":7}},"71":{"start":{"line":72,"column":0},"end":{"line":72,"column":39}},"72":{"start":{"line":73,"column":0},"end":{"line":73,"column":20}},"73":{"start":{"line":74,"column":0},"end":{"line":74,"column":30}},"74":{"start":{"line":75,"column":0},"end":{"line":75,"column":35}},"75":{"start":{"line":76,"column":0},"end":{"line":76,"column":41}},"76":{"start":{"line":77,"column":0},"end":{"line":77,"column":5}},"77":{"start":{"line":78,"column":0},"end":{"line":78,"column":19}},"78":{"start":{"line":79,"column":0},"end":{"line":79,"column":8}},"79":{"start":{"line":80,"column":0},"end":{"line":80,"column":8}},"80":{"start":{"line":81,"column":0},"end":{"line":81,"column":3}},"81":{"start":{"line":82,"column":0},"end":{"line":82,"column":31}},"82":{"start":{"line":83,"column":0},"end":{"line":83,"column":36}},"83":{"start":{"line":84,"column":0},"end":{"line":84,"column":24}},"84":{"start":{"line":85,"column":0},"end":{"line":85,"column":10}},"85":{"start":{"line":86,"column":0},"end":{"line":86,"column":8}},"86":{"start":{"line":87,"column":0},"end":{"line":87,"column":3}},"87":{"start":{"line":88,"column":0},"end":{"line":88,"column":38}},"88":{"start":{"line":89,"column":0},"end":{"line":89,"column":11}},"89":{"start":{"line":90,"column":0},"end":{"line":90,"column":32}},"90":{"start":{"line":91,"column":0},"end":{"line":91,"column":36}},"91":{"start":{"line":92,"column":0},"end":{"line":92,"column":39}},"92":{"start":{"line":93,"column":0},"end":{"line":93,"column":24}},"93":{"start":{"line":94,"column":0},"end":{"line":94,"column":5}},"94":{"start":{"line":95,"column":0},"end":{"line":95,"column":10}},"95":{"start":{"line":96,"column":0},"end":{"line":96,"column":17}},"96":{"start":{"line":97,"column":0},"end":{"line":97,"column":18}},"97":{"start":{"line":98,"column":0},"end":{"line":98,"column":26}},"98":{"start":{"line":99,"column":0},"end":{"line":99,"column":18}},"99":{"start":{"line":100,"column":0},"end":{"line":100,"column":28}},"100":{"start":{"line":101,"column":0},"end":{"line":101,"column":21}},"101":{"start":{"line":102,"column":0},"end":{"line":102,"column":6}},"102":{"start":{"line":103,"column":0},"end":{"line":103,"column":123}},"103":{"start":{"line":104,"column":0},"end":{"line":104,"column":11}},"104":{"start":{"line":105,"column":0},"end":{"line":105,"column":13}},"105":{"start":{"line":106,"column":0},"end":{"line":106,"column":8}},"106":{"start":{"line":107,"column":0},"end":{"line":107,"column":7}},"107":{"start":{"line":108,"column":0},"end":{"line":108,"column":2}},"108":{"start":{"line":109,"column":0},"end":{"line":109,"column":1}}},"s":{"0":1,"1":1,"2":1,"3":1,"4":1,"5":1,"6":1,"7":1,"8":1,"9":1,"10":1,"11":46,"12":6,"13":6,"14":46,"15":46,"16":5,"17":5,"18":3,"19":3,"20":5,"21":46,"22":46,"23":3,"24":2,"25":2,"26":2,"27":3,"28":46,"29":46,"30":45,"31":45,"32":46,"33":46,"34":45,"35":45,"36":46,"37":46,"38":46,"39":46,"40":46,"41":46,"42":46,"43":46,"44":46,"45":46,"46":46,"47":46,"48":46,"49":46,"50":46,"51":46,"52":46,"53":46,"54":46,"55":46,"56":46,"57":46,"58":46,"59":46,"60":46,"61":46,"62":46,"63":46,"64":46,"65":46,"66":46,"67":46,"68":46,"69":46,"70":46,"71":46,"72":46,"73":46,"74":46,"75":46,"76":46,"77":46,"78":46,"79":46,"80":46,"81":46,"82":46,"83":46,"84":46,"85":46,"86":46,"87":46,"88":46,"89":46,"90":46,"91":46,"92":46,"93":46,"94":46,"95":46,"96":46,"97":46,"98":46,"99":46,"100":46,"101":46,"102":46,"103":46,"104":46,"105":46,"106":46,"107":46,"108":46},"branchMap":{"0":{"type":"branch","line":11,"loc":{"start":{"line":11,"column":7},"end":{"line":109,"column":1}},"locations":[{"start":{"line":11,"column":7},"end":{"line":109,"column":1}}]},"1":{"type":"branch","line":12,"loc":{"start":{"line":12,"column":24},"end":{"line":14,"column":2}},"locations":[{"start":{"line":12,"column":24},"end":{"line":14,"column":2}}]},"2":{"type":"branch","line":16,"loc":{"start":{"line":16,"column":27},"end":{"line":21,"column":2}},"locations":[{"start":{"line":16,"column":27},"end":{"line":21,"column":2}}]},"3":{"type":"branch","line":18,"loc":{"start":{"line":18,"column":71},"end":{"line":20,"column":3}},"locations":[{"start":{"line":18,"column":71},"end":{"line":20,"column":3}}]},"4":{"type":"branch","line":23,"loc":{"start":{"line":23,"column":23},"end":{"line":28,"column":2}},"locations":[{"start":{"line":23,"column":23},"end":{"line":28,"column":2}}]},"5":{"type":"branch","line":24,"loc":{"start":{"line":24,"column":16},"end":{"line":24,"column":42}},"locations":[{"start":{"line":24,"column":16},"end":{"line":24,"column":42}}]},"6":{"type":"branch","line":24,"loc":{"start":{"line":24,"column":42},"end":{"line":27,"column":3}},"locations":[{"start":{"line":24,"column":42},"end":{"line":27,"column":3}}]},"7":{"type":"branch","line":30,"loc":{"start":{"line":30,"column":23},"end":{"line":32,"column":2}},"locations":[{"start":{"line":30,"column":23},"end":{"line":32,"column":2}}]},"8":{"type":"branch","line":34,"loc":{"start":{"line":34,"column":23},"end":{"line":36,"column":2}},"locations":[{"start":{"line":34,"column":23},"end":{"line":36,"column":2}}]},"9":{"type":"branch","line":35,"loc":{"start":{"line":35,"column":34},"end":{"line":35,"column":48}},"locations":[{"start":{"line":35,"column":34},"end":{"line":35,"column":48}}]},"10":{"type":"branch","line":35,"loc":{"start":{"line":35,"column":38},"end":{"line":35,"column":68}},"locations":[{"start":{"line":35,"column":38},"end":{"line":35,"column":68}}]},"11":{"type":"branch","line":64,"loc":{"start":{"line":64,"column":14},"end":{"line":64,"column":41}},"locations":[{"start":{"line":64,"column":14},"end":{"line":64,"column":41}}]},"12":{"type":"branch","line":76,"loc":{"start":{"line":76,"column":14},"end":{"line":76,"column":41}},"locations":[{"start":{"line":76,"column":14},"end":{"line":76,"column":41}}]}},"b":{"0":[46],"1":[6],"2":[5],"3":[3],"4":[3],"5":[2],"6":[2],"7":[45],"8":[45],"9":[1],"10":[44],"11":[1],"12":[1]},"fnMap":{"0":{"name":"UserRow","decl":{"start":{"line":11,"column":7},"end":{"line":109,"column":1}},"loc":{"start":{"line":11,"column":7},"end":{"line":109,"column":1}},"line":11},"1":{"name":"handleRowClick","decl":{"start":{"line":12,"column":24},"end":{"line":14,"column":2}},"loc":{"start":{"line":12,"column":24},"end":{"line":14,"column":2}},"line":12},"2":{"name":"handleDeleteClick","decl":{"start":{"line":16,"column":27},"end":{"line":21,"column":2}},"loc":{"start":{"line":16,"column":27},"end":{"line":21,"column":2}},"line":16},"3":{"name":"handleKeyDown","decl":{"start":{"line":23,"column":23},"end":{"line":28,"column":2}},"loc":{"start":{"line":23,"column":23},"end":{"line":28,"column":2}},"line":23},"4":{"name":"formatAddress","decl":{"start":{"line":30,"column":23},"end":{"line":32,"column":2}},"loc":{"start":{"line":30,"column":23},"end":{"line":32,"column":2}},"line":30},"5":{"name":"formatWebsite","decl":{"start":{"line":34,"column":23},"end":{"line":36,"column":2}},"loc":{"start":{"line":34,"column":23},"end":{"line":36,"column":2}},"line":34},"6":{"name":"onClick","decl":{"start":{"line":64,"column":14},"end":{"line":64,"column":41}},"loc":{"start":{"line":64,"column":14},"end":{"line":64,"column":41}},"line":64},"7":{"name":"onClick","decl":{"start":{"line":76,"column":14},"end":{"line":76,"column":41}},"loc":{"start":{"line":76,"column":14},"end":{"line":76,"column":41}},"line":76}},"f":{"0":46,"1":6,"2":5,"3":3,"4":45,"5":45,"6":1,"7":1}}
,"C:\\Work\\REACT\\AI-Home\\src\\components\\UserTable.tsx": {"path":"C:\\Work\\REACT\\AI-Home\\src\\components\\UserTable.tsx","all":false,"statementMap":{"0":{"start":{"line":1,"column":0},"end":{"line":1,"column":41}},"1":{"start":{"line":2,"column":0},"end":{"line":2,"column":35}},"2":{"start":{"line":3,"column":0},"end":{"line":3,"column":43}},"3":{"start":{"line":4,"column":0},"end":{"line":4,"column":0}},"4":{"start":{"line":5,"column":0},"end":{"line":5,"column":26}},"5":{"start":{"line":6,"column":0},"end":{"line":6,"column":14}},"6":{"start":{"line":7,"column":0},"end":{"line":7,"column":35}},"7":{"start":{"line":8,"column":0},"end":{"line":8,"column":39}},"8":{"start":{"line":9,"column":0},"end":{"line":9,"column":1}},"9":{"start":{"line":10,"column":0},"end":{"line":10,"column":0}},"10":{"start":{"line":11,"column":0},"end":{"line":11,"column":82}},"11":{"start":{"line":12,"column":0},"end":{"line":12,"column":9}},"12":{"start":{"line":13,"column":0},"end":{"line":13,"column":41}},"13":{"start":{"line":14,"column":0},"end":{"line":14,"column":40}},"14":{"start":{"line":15,"column":0},"end":{"line":15,"column":49}},"15":{"start":{"line":16,"column":0},"end":{"line":16,"column":41}},"16":{"start":{"line":17,"column":0},"end":{"line":17,"column":10}},"17":{"start":{"line":18,"column":0},"end":{"line":18,"column":71}},"18":{"start":{"line":19,"column":0},"end":{"line":19,"column":66}},"19":{"start":{"line":20,"column":0},"end":{"line":20,"column":64}},"20":{"start":{"line":21,"column":0},"end":{"line":21,"column":66}},"21":{"start":{"line":22,"column":0},"end":{"line":22,"column":66}},"22":{"start":{"line":23,"column":0},"end":{"line":23,"column":66}},"23":{"start":{"line":24,"column":0},"end":{"line":24,"column":11}},"24":{"start":{"line":25,"column":0},"end":{"line":25,"column":13}},"25":{"start":{"line":26,"column":0},"end":{"line":26,"column":41}},"26":{"start":{"line":27,"column":0},"end":{"line":27,"column":28}},"27":{"start":{"line":28,"column":0},"end":{"line":28,"column":15}},"28":{"start":{"line":29,"column":0},"end":{"line":29,"column":21}},"29":{"start":{"line":30,"column":0},"end":{"line":30,"column":19}},"30":{"start":{"line":31,"column":0},"end":{"line":31,"column":35}},"31":{"start":{"line":32,"column":0},"end":{"line":32,"column":35}},"32":{"start":{"line":33,"column":0},"end":{"line":33,"column":9}},"33":{"start":{"line":34,"column":0},"end":{"line":34,"column":9}},"34":{"start":{"line":35,"column":0},"end":{"line":35,"column":13}},"35":{"start":{"line":36,"column":0},"end":{"line":36,"column":12}},"36":{"start":{"line":37,"column":0},"end":{"line":37,"column":9}},"37":{"start":{"line":38,"column":0},"end":{"line":38,"column":3}},"38":{"start":{"line":39,"column":0},"end":{"line":39,"column":35}},"39":{"start":{"line":40,"column":0},"end":{"line":40,"column":67}},"40":{"start":{"line":41,"column":0},"end":{"line":41,"column":9}},"41":{"start":{"line":42,"column":0},"end":{"line":42,"column":8}},"42":{"start":{"line":43,"column":0},"end":{"line":43,"column":2}},"43":{"start":{"line":44,"column":0},"end":{"line":44,"column":1}}},"s":{"0":1,"1":1,"2":1,"3":1,"4":1,"5":1,"6":1,"7":1,"8":1,"9":1,"10":1,"11":19,"12":19,"13":19,"14":19,"15":19,"16":19,"17":19,"18":19,"19":19,"20":19,"21":19,"22":19,"23":19,"24":19,"25":19,"26":19,"27":33,"28":33,"29":33,"30":33,"31":33,"32":33,"33":19,"34":19,"35":19,"36":19,"37":19,"38":19,"39":19,"40":19,"41":19,"42":19,"43":19},"branchMap":{"0":{"type":"branch","line":11,"loc":{"start":{"line":11,"column":7},"end":{"line":44,"column":1}},"locations":[{"start":{"line":11,"column":7},"end":{"line":44,"column":1}}]},"1":{"type":"branch","line":40,"loc":{"start":{"line":40,"column":44},"end":{"line":40,"column":54}},"locations":[{"start":{"line":40,"column":44},"end":{"line":40,"column":54}}]},"2":{"type":"branch","line":40,"loc":{"start":{"line":40,"column":48},"end":{"line":40,"column":57}},"locations":[{"start":{"line":40,"column":48},"end":{"line":40,"column":57}}]},"3":{"type":"branch","line":27,"loc":{"start":{"line":27,"column":17},"end":{"line":33,"column":9}},"locations":[{"start":{"line":27,"column":17},"end":{"line":33,"column":9}}]}},"b":{"0":[19],"1":[16],"2":[3],"3":[33]},"fnMap":{"0":{"name":"UserTable","decl":{"start":{"line":11,"column":7},"end":{"line":44,"column":1}},"loc":{"start":{"line":11,"column":7},"end":{"line":44,"column":1}},"line":11}},"f":{"0":19}}
,"C:\\Work\\REACT\\AI-Home\\src\\services\\userService.ts": {"path":"C:\\Work\\REACT\\AI-Home\\src\\services\\userService.ts","all":false,"statementMap":{"0":{"start":{"line":1,"column":0},"end":{"line":1,"column":41}},"1":{"start":{"line":2,"column":0},"end":{"line":2,"column":0}},"2":{"start":{"line":3,"column":0},"end":{"line":3,"column":59}},"3":{"start":{"line":4,"column":0},"end":{"line":4,"column":0}},"4":{"start":{"line":5,"column":0},"end":{"line":5,"column":56}},"5":{"start":{"line":6,"column":0},"end":{"line":6,"column":6}},"6":{"start":{"line":7,"column":0},"end":{"line":7,"column":55}},"7":{"start":{"line":8,"column":0},"end":{"line":8,"column":2}},"8":{"start":{"line":9,"column":0},"end":{"line":9,"column":21}},"9":{"start":{"line":10,"column":0},"end":{"line":10,"column":60}},"10":{"start":{"line":11,"column":0},"end":{"line":11,"column":3}},"11":{"start":{"line":12,"column":0},"end":{"line":12,"column":2}},"12":{"start":{"line":13,"column":0},"end":{"line":13,"column":45}},"13":{"start":{"line":14,"column":0},"end":{"line":14,"column":14}},"14":{"start":{"line":15,"column":0},"end":{"line":15,"column":18}},"15":{"start":{"line":16,"column":0},"end":{"line":16,"column":48}},"16":{"start":{"line":17,"column":0},"end":{"line":17,"column":67}},"17":{"start":{"line":18,"column":0},"end":{"line":18,"column":2}},"18":{"start":{"line":19,"column":0},"end":{"line":19,"column":1}}},"s":{"0":1,"1":1,"2":1,"3":1,"4":1,"5":4,"6":4,"7":2,"8":4,"9":1,"10":1,"11":1,"12":1,"13":1,"14":4,"15":3,"16":3,"17":3,"18":4},"branchMap":{"0":{"type":"branch","line":5,"loc":{"start":{"line":5,"column":26},"end":{"line":19,"column":1}},"locations":[{"start":{"line":5,"column":26},"end":{"line":19,"column":1}}]},"1":{"type":"branch","line":7,"loc":{"start":{"line":7,"column":54},"end":{"line":9,"column":20}},"locations":[{"start":{"line":7,"column":54},"end":{"line":9,"column":20}}]},"2":{"type":"branch","line":9,"loc":{"start":{"line":9,"column":20},"end":{"line":15,"column":10}},"locations":[{"start":{"line":9,"column":20},"end":{"line":15,"column":10}}]},"3":{"type":"branch","line":15,"loc":{"start":{"line":15,"column":1},"end":{"line":18,"column":2}},"locations":[{"start":{"line":15,"column":1},"end":{"line":18,"column":2}}]}},"b":{"0":[4],"1":[2],"2":[1],"3":[3]},"fnMap":{"0":{"name":"fetchUsers","decl":{"start":{"line":5,"column":26},"end":{"line":19,"column":1}},"loc":{"start":{"line":5,"column":26},"end":{"line":19,"column":1}},"line":5}},"f":{"0":4}}
}
